<?xml version="1.0" encoding="UTF-8"?>
<!-- Generated by org.testng.reporters.JUnitReportReporter -->
<testsuite hostname="Alnobl" failures="0" tests="9" name="signUp.OpenNewaccount" time="25.981" errors="0" timestamp="2024-11-08T20:22:25 AST" skipped="0">
  <testcase classname="signUp.OpenNewaccount" name="registrationPage" time="0.800"/>
  <system-out/>
  <testcase classname="signUp.OpenNewaccount" name="testSuite" time="1.580"/>
  <system-out/>
  <testcase classname="signUp.OpenNewaccount" name="checkstatus" time="0.231"/>
  <system-out/>
  <testcase classname="signUp.OpenNewaccount" name="loginTest" time="4.129"/>
  <system-out/>
  <testcase classname="signUp.OpenNewaccount" name="navigate" time="4.410"/>
  <system-out/>
  <testcase classname="signUp.OpenNewaccount" name="selectAccountType" time="8.312"/>
  <system-out/>
  <testcase classname="signUp.OpenNewaccount" name="cheackStatus" time="1.423"/>
  <system-out/>
  <testcase classname="signUp.OpenNewaccount" name="navigate1" time="2.782"/>
  <system-out/>
  <testcase classname="signUp.OpenNewaccount" name="transferFunds" time="2.314"/>
  <system-out/>
</testsuite> <!-- signUp.OpenNewaccount -->
