<?xml version="1.0" encoding="UTF-8"?>
<!-- Generated by org.testng.reporters.JUnitReportReporter -->
<testsuite hostname="Alnobl" failures="0" tests="4" name="signUp.Mainpage" time="5.621" errors="0" timestamp="2024-11-05T22:38:29 AST" skipped="0">
  <testcase classname="signUp.Mainpage" name="testSuite" time="1.710"/>
  <system-out/>
  <testcase classname="signUp.Mainpage" name="checkstatus" time="0.036"/>
  <system-out/>
  <testcase classname="signUp.Mainpage" name="registrationPage" time="0.906"/>
  <system-out/>
  <testcase classname="signUp.Mainpage" name="loginTest" time="2.969"/>
  <system-out/>
</testsuite> <!-- signUp.Mainpage -->
