<?xml version="1.0" encoding="UTF-8"?>
<!-- Generated by org.testng.reporters.JUnitReportReporter -->
<testsuite hostname="Alnobl" failures="0" tests="4" name="signUp.Mainpage" time="5.095" errors="0" timestamp="2024-11-08T19:58:19 AST" skipped="0">
  <testcase classname="signUp.Mainpage" name="registrationPage" time="0.817"/>
  <system-out/>
  <testcase classname="signUp.Mainpage" name="testSuite" time="1.197"/>
  <system-out/>
  <testcase classname="signUp.Mainpage" name="checkstatus" time="0.203"/>
  <system-out/>
  <testcase classname="signUp.Mainpage" name="loginTest" time="2.878"/>
  <system-out/>
</testsuite> <!-- signUp.Mainpage -->
