<?xml version="1.0" encoding="UTF-8"?>
<!-- Generated by org.testng.reporters.JUnitReportReporter -->
<testsuite hostname="Alnobl" failures="0" tests="4" name="openNewAccount.Openaccount" time="4.729" errors="0" timestamp="2024-11-05T22:05:02 AST" skipped="0">
  <testcase classname="openNewAccount.Openaccount" name="registrationPage" time="0.833"/>
  <system-out/>
  <testcase classname="openNewAccount.Openaccount" name="checkstatus" time="0.038"/>
  <system-out/>
  <testcase classname="openNewAccount.Openaccount" name="testSuite" time="1.489"/>
  <system-out/>
  <testcase classname="openNewAccount.Openaccount" name="loginTest" time="2.369"/>
  <system-out/>
</testsuite> <!-- openNewAccount.Openaccount -->
