<?xml version="1.0" encoding="UTF-8"?>
<!-- Generated by org.testng.reporters.JUnitReportReporter -->
<testsuite hostname="Alnobl" failures="0" tests="7" name="signUp.OpenNewaccount" time="15.895" errors="0" timestamp="2024-11-05T23:38:05 AST" skipped="0">
  <testcase classname="signUp.OpenNewaccount" name="registrationPage" time="0.467"/>
  <system-out/>
  <testcase classname="signUp.OpenNewaccount" name="checkstatus" time="0.037"/>
  <system-out/>
  <testcase classname="signUp.OpenNewaccount" name="testSuite" time="1.667"/>
  <system-out/>
  <testcase classname="signUp.OpenNewaccount" name="loginTest" time="3.221"/>
  <system-out/>
  <testcase classname="signUp.OpenNewaccount" name="navigate" time="2.599"/>
  <system-out/>
  <testcase classname="signUp.OpenNewaccount" name="selectAccountType" time="6.250"/>
  <system-out/>
  <testcase classname="signUp.OpenNewaccount" name="cheackStatus" time="1.654"/>
  <system-out/>
</testsuite> <!-- signUp.OpenNewaccount -->
