<?xml version="1.0" encoding="UTF-8"?>
<!-- Generated by org.testng.reporters.JUnitReportReporter -->
<testsuite hostname="Alnobl" failures="0" tests="5" name="signUp.Mainpage" time="6.309" errors="0" timestamp="2024-11-03T22:39:01 AST" skipped="0">
  <testcase classname="signUp.Mainpage" name="registrationPage" time="0.815"/>
  <system-out/>
  <testcase classname="signUp.Mainpage" name="testSuite" time="1.563"/>
  <system-out/>
  <testcase classname="signUp.Mainpage" name="testOnly" time="0.043"/>
  <system-out/>
  <testcase classname="signUp.Mainpage" name="checkstatus" time="0.037"/>
  <system-out/>
  <testcase classname="signUp.Mainpage" name="loginTest" time="3.851"/>
  <system-out/>
</testsuite> <!-- signUp.Mainpage -->
