<?xml version="1.0" encoding="UTF-8"?>
<!-- Generated by org.testng.reporters.JUnitReportReporter -->
<testsuite hostname="Alnobl" failures="0" tests="6" name="signUp.Mainpage" time="0.016" errors="0" timestamp="2024-11-02T21:27:01 AST" skipped="1">
  <testcase classname="signUp.Mainpage" name="testSuite1" time="0.002"/>
  <system-out/>
  <testcase classname="signUp.Mainpage" name="testSuite1" time="0.004"/>
  <system-out/>
  <testcase classname="signUp.Mainpage" name="testSuite1" time="0.002"/>
  <system-out/>
  <testcase classname="signUp.Mainpage" name="testSuite1" time="0.001"/>
  <system-out/>
  <testcase classname="signUp.Mainpage" name="testSuite1" time="0.007"/>
  <system-out/>
  <testcase classname="signUp.Mainpage" name="testSuite">
    <skipped/>
  </testcase> <!-- testSuite -->
  <system-out/>
</testsuite> <!-- signUp.Mainpage -->
